Running tests...
═══ SPSCQueue Tests ═══

[test] basic push/pop ... done
[test] try_push when full ... (usable capacity=3) done
[test] try_pop when empty ... done
[test] FIFO ordering ... done
[test] wrap-around ... done
[test] size_approx ... done
[test] capacity rounding ... done
[test] threaded SPSC correctness ... done

[bench] SPSC throughput (lock-free) ...
  10000000 ops in 219.66 ms  →  45.53 Mops/s

═══ Results: 24 passed, 0 failed ═══
═══ MutexQueue Tests ═══

[test] basic push/pop ... done
[test] try_push when full ... done
[test] try_pop when empty ... done
[test] move semantics ... done
[test] FIFO ordering ... done
[test] SPSC threaded ... done
[test] MPMC threaded ... done
[test] blocking push backpressure ... done

[bench] SPSC throughput (mutex baseline) ...
  10000000 ops in 2810.94 ms  →  3.56 Mops/s

═══ Results: 21 passed, 0 failed ═══
